#==================================================#
 num nodes:  2
 num tasks:  6
 cpus per task:  24
 nodes used:  node[0137,0141]
 job cpus used:  144(x2)
#==================================================#
cp: -r not specified; omitting directory '../run_0'
cp: -r not specified; omitting directory '../run_1'
cp: -r not specified; omitting directory '../run_2'
cp: -r not specified; omitting directory '../run_4'
WARNING: Simulation box increased due to particles being too close to the boundaries.
WARNING: Simulation box increased due to particles being too close to the boundaries.WARNING: Simulation box increased due to particles being too close to the boundaries.

WARNING: Simulation box increased due to particles being too close to the boundaries.WARNING: Simulation box increased due to particles being too close to the boundaries.

WARNING: Simulation box increased due to particles being too close to the boundaries.
# Running single-site MD simulation.

container                        :  [LinkedCells, VarVerletListsAsBuild, VerletLists, VerletListsCells, PairwiseVerletLists]
fastParticlesThrow               :  true
verlet-rebuild-frequency         :  10
verlet-skin-radius-per-timestep  :  0.06
selector-strategy                :  Fastest-Mean-Value
tuning-strategies                :  [decision-tree-tuning]
tuning-metric                    :  time
tuning-interval                  :  1000
tuning-samples                   :  10
use-LOESS-smoothening            :  false
model-filename                   :  model.pkl
PairwiseInteraction:             
  functor                        :  Lennard-Jones (12-6) AVX intrinsics
  traversal                      :  [lc_c01, lc_c01_combined_SoA, lc_c04, lc_c04_HCP, lc_c04_combined_SoA, lc_c08, lc_c18, lc_sliced, lc_sliced_c02, vl_list_iteration, vlc_c01, vlc_c18, vlc_c08, vlc_sliced, vlc_sliced_c02, vlp_c01, vlp_c18, vlp_sliced, vlp_sliced_c02]
  data-layout                    :  [AoS, SoA]
  newton3                        :  [disabled, enabled]
cutoff                           :  3
box-min                          :  [-0.5, 0, -0.5]
box-max                          :  [120.5, 480, 120.5]
cell-size                        :  [1]
deltaT                           :  0.00182367
pause-simulation-during-tuning   :  false
sorting-threshold                :  8
iterations                       :  100000
boundary-type                    :  [periodic, periodic, periodic]
Sites:                           
  0:
    epsilon                      :  1
    sigma                        :  1
    nu                           :  0
    mass                         :  1
Objects:                         
  CubeUniform:
    0:  
      numberOfParticles          :  100
      box-length                 :  [120, 230, 120]
      bottomLeftCorner           :  [0, 0, 0]
      velocity                   :  [0, 0, 0]
      particle-type-id           :  0
  CubeUniform:
    1:  
      numberOfParticles          :  100
      box-length                 :  [120, 230, 120]
      bottomLeftCorner           :  [0, 250, 0]
      velocity                   :  [0, 0, 0]
      particle-type-id           :  0
  CubeClosestPacked:
    0:  
      particle-spacing           :  1
      box-length                 :  [120, 18, 120]
      bottomLeftCorner           :  [0, 231, 0]
      velocity                   :  [0, 0, 0]
      particle-type-id           :  0
use-tuning-logger                :  false
output-suffix                    :  
log-level                        :  info
no-end-config                    :  true
no-progress-bar                  :  true
load-balancer                    :  None
load-balancing-interval          :  1000
subdivide-dimension              :  [false, true, false]


Using 24 Threads
MPI is running with 6 ranks.
[2025-02-28 17:29:34.553] [AutoPasLog] [info] [AutoPasImpl.h:70] AutoPas Version: 3.0.0-a3b2acc
[2025-02-28 17:29:34.553] [AutoPasLog] [info] [AutoPasImpl.h:71] Compiled with  : GCC 13.2.0
Number of particles at initialization on rank 1: 44
Number of particles at initialization on rank 2: 194062
Number of particles at initialization on rank 3: 176428
Number of particles at initialization on rank 4: 46
Number of particles at initialization on rank 0: 34
Number of particles at initialization globally : 370640
Number of particles at initialization on rank 5: 26


Total number of particles at the end of Simulation: 473347
Owned: 370640
Halo : 102707
Measurements:
Total accumulated                  : 14907063431531 ns (14907.063s)
  Initialization                   :     7777848596 ns (    7.778s) =  0.052%
  Simulate                         : 14899285578220 ns (14899.286s) = 99.948%
    PositionUpdate                 :   100582737647 ns (  100.583s) =  0.675%
    UpdateContainer                :   179511851067 ns (  179.512s) =  1.205%
    Boundaries                     : 11432726640657 ns (11432.727s) = 76.733%
      HaloParticleExchange         :  7339591617160 ns ( 7339.592s) = 64.197%
      ReflectParticlesAtBoundaries :      163483281 ns (    0.163s) =  0.001%
      MigratingParticleExchange    :  4093135023497 ns ( 4093.135s) = 35.801%
    ForceUpdateTotal               :  3076907022736 ns ( 3076.907s) = 20.651%
      Tuning                       :    72491756406 ns (   72.492s) =  2.356%
      ForceUpdateTuning            :    72491756406 ns (   72.492s) =  2.356%
      ForceUpdateNonTuning         :  3004011883157 ns ( 3004.012s) = 97.631%
    VelocityUpdate                 :   108045778610 ns (  108.046s) =  0.725%
    LoadBalancing                  :      186814349 ns (    0.187s) =  0.001%
One iteration                      :      148992855 ns (    0.149s) =  0.001%
Total wall-clock time              :  2484511867710 ns ( 2484.512s) = 16.667%

Tuning iterations                  : 1000 / 100000 = 1%
MFUPs/sec                          : 5.32493
