#==================================================#
 num nodes:  1
 num tasks:  1
 cpus per task:  36
 nodes used:  node0568
 job cpus used:  144
#==================================================#
cp: -r not specified; omitting directory '../run_0'
cp: -r not specified; omitting directory '../run_1'
cp: -r not specified; omitting directory '../run_2'
cp: -r not specified; omitting directory '../run_3'
cp: -r not specified; omitting directory '../run_4'
# Running single-site MD simulation.

container                        :  [LinkedCells, VerletClusterLists, VerletLists, VerletListsCells, PairwiseVerletLists]
fastParticlesThrow               :  true
verlet-rebuild-frequency         :  10
verlet-skin-radius-per-timestep  :  0.05
verlet-cluster-size              :  4
selector-strategy                :  Fastest-Absolute-Value
tuning-strategies                :  [slow-config-filter, predictive-tuning]
tuning-metric                    :  time
tuning-interval                  :  10000
tuning-samples                   :  10
use-LOESS-smoothening            :  false
relative-optimum-range           :  2
max-tuning-phases-without-test   :  4
evidence-for-prediction          :  3
extrapolation-method             :  line-prediction
relative-blacklist-range         :  10
PairwiseInteraction:             
  functor                        :  Lennard-Jones (12-6) AVX intrinsics
  traversal                      :  [lc_c01, lc_c01_combined_SoA, lc_c04, lc_c04_HCP, lc_c04_combined_SoA, lc_c08, lc_c18, lc_sliced, lc_sliced_c02, vl_list_iteration, vlc_c01, vlc_c18, vlc_c08, vlc_sliced, vlc_sliced_c02, vlp_c01, vlp_c18, vlp_sliced, vlp_sliced_c02]
  data-layout                    :  [AoS, SoA]
  newton3                        :  [disabled, enabled]
cutoff                           :  3
box-min                          :  [0, 0, 0]
box-max                          :  [200, 200, 200]
cell-size                        :  [0.5, 1]
deltaT                           :  0.0001
pause-simulation-during-tuning   :  false
sorting-threshold                :  8
iterations                       :  150000
boundary-type                    :  [reflective, reflective, reflective]
Sites:                           
  0:
    epsilon                      :  1
    sigma                        :  1
    nu                           :  0
    mass                         :  1
Objects:                         
  Sphere:
    0:  
      center                     :  [100, 100, 100]
      radius                     :  10
      particle-spacing           :  1.22462
      velocity                   :  [0, 0, 0]
      particle-type-id           :  0
thermostat:
  initialTemperature             :  0.1
  targetTemperature              :  100
  deltaTemperature               :  0.1
  thermostatInterval             :  100
  addBrownianMotion              :  true
use-tuning-logger                :  false
output-suffix                    :  
log-level                        :  info
no-end-config                    :  true
no-progress-bar                  :  true
load-balancer                    :  InvertedPressure
load-balancing-interval          :  100
subdivide-dimension              :  [true, true, true]


Using 36 Threads
MPI is running with 1 ranks.
[2025-02-21 17:18:58.759] [AutoPasLog] [info] [AutoPasImpl.h:70] AutoPas Version: 3.0.0-a3b2acc
[2025-02-21 17:18:58.759] [AutoPasLog] [info] [AutoPasImpl.h:71] Compiled with  : GCC 13.2.0
Number of particles at initialization on rank 0: 5497
Number of particles at initialization globally : 5497
[2025-02-21 17:20:01.143] [AutoPasLog] [warning] [AutoTuner.cpp:101] ConfigQueue wipe by slow-config-filter detected! Resetting to previous state: (Size=0) []
[2025-02-21 17:20:01.143] [AutoPasLog] [warning] [AutoTuner.cpp:101] ConfigQueue wipe by predictive-tuning detected! Resetting to previous state: (Size=0) []
[2025-02-21 17:24:33.695] [AutoPasLog] [warning] [AutoTuner.cpp:101] ConfigQueue wipe by slow-config-filter detected! Resetting to previous state: (Size=0) []
[2025-02-21 17:24:33.695] [AutoPasLog] [warning] [AutoTuner.cpp:101] ConfigQueue wipe by predictive-tuning detected! Resetting to previous state: (Size=0) []
[2025-02-21 17:27:04.880] [AutoPasLog] [warning] [AutoTuner.cpp:101] ConfigQueue wipe by slow-config-filter detected! Resetting to previous state: (Size=0) []
[2025-02-21 17:27:04.880] [AutoPasLog] [warning] [AutoTuner.cpp:101] ConfigQueue wipe by predictive-tuning detected! Resetting to previous state: (Size=0) []
[2025-02-21 17:29:48.793] [AutoPasLog] [warning] [AutoTuner.cpp:101] ConfigQueue wipe by slow-config-filter detected! Resetting to previous state: (Size=0) []
[2025-02-21 17:29:48.793] [AutoPasLog] [warning] [AutoTuner.cpp:101] ConfigQueue wipe by predictive-tuning detected! Resetting to previous state: (Size=0) []
[2025-02-21 17:32:31.901] [AutoPasLog] [warning] [AutoTuner.cpp:101] ConfigQueue wipe by slow-config-filter detected! Resetting to previous state: (Size=0) []
[2025-02-21 17:32:31.901] [AutoPasLog] [warning] [AutoTuner.cpp:101] ConfigQueue wipe by predictive-tuning detected! Resetting to previous state: (Size=0) []
[2025-02-21 17:35:26.734] [AutoPasLog] [warning] [AutoTuner.cpp:101] ConfigQueue wipe by slow-config-filter detected! Resetting to previous state: (Size=0) []
[2025-02-21 17:35:26.734] [AutoPasLog] [warning] [AutoTuner.cpp:101] ConfigQueue wipe by predictive-tuning detected! Resetting to previous state: (Size=0) []
[2025-02-21 17:38:02.658] [AutoPasLog] [warning] [AutoTuner.cpp:101] ConfigQueue wipe by slow-config-filter detected! Resetting to previous state: (Size=0) []
[2025-02-21 17:38:02.658] [AutoPasLog] [warning] [AutoTuner.cpp:101] ConfigQueue wipe by predictive-tuning detected! Resetting to previous state: (Size=0) []
[2025-02-21 17:40:46.475] [AutoPasLog] [warning] [AutoTuner.cpp:101] ConfigQueue wipe by slow-config-filter detected! Resetting to previous state: (Size=0) []
[2025-02-21 17:40:46.475] [AutoPasLog] [warning] [AutoTuner.cpp:101] ConfigQueue wipe by predictive-tuning detected! Resetting to previous state: (Size=0) []
[2025-02-21 17:43:28.392] [AutoPasLog] [warning] [AutoTuner.cpp:101] ConfigQueue wipe by slow-config-filter detected! Resetting to previous state: (Size=0) []
[2025-02-21 17:43:28.392] [AutoPasLog] [warning] [AutoTuner.cpp:101] ConfigQueue wipe by predictive-tuning detected! Resetting to previous state: (Size=0) []
[2025-02-21 17:46:21.942] [AutoPasLog] [warning] [AutoTuner.cpp:101] ConfigQueue wipe by slow-config-filter detected! Resetting to previous state: (Size=0) []
[2025-02-21 17:46:21.942] [AutoPasLog] [warning] [AutoTuner.cpp:101] ConfigQueue wipe by predictive-tuning detected! Resetting to previous state: (Size=0) []
[2025-02-21 17:48:57.408] [AutoPasLog] [warning] [AutoTuner.cpp:101] ConfigQueue wipe by slow-config-filter detected! Resetting to previous state: (Size=0) []
[2025-02-21 17:48:57.408] [AutoPasLog] [warning] [AutoTuner.cpp:101] ConfigQueue wipe by predictive-tuning detected! Resetting to previous state: (Size=0) []
[2025-02-21 17:51:41.123] [AutoPasLog] [warning] [AutoTuner.cpp:101] ConfigQueue wipe by slow-config-filter detected! Resetting to previous state: (Size=0) []
[2025-02-21 17:51:41.123] [AutoPasLog] [warning] [AutoTuner.cpp:101] ConfigQueue wipe by predictive-tuning detected! Resetting to previous state: (Size=0) []
[2025-02-21 17:54:22.633] [AutoPasLog] [warning] [AutoTuner.cpp:101] ConfigQueue wipe by slow-config-filter detected! Resetting to previous state: (Size=0) []
[2025-02-21 17:54:22.634] [AutoPasLog] [warning] [AutoTuner.cpp:101] ConfigQueue wipe by predictive-tuning detected! Resetting to previous state: (Size=0) []
[2025-02-21 17:57:15.285] [AutoPasLog] [warning] [AutoTuner.cpp:101] ConfigQueue wipe by slow-config-filter detected! Resetting to previous state: (Size=0) []
[2025-02-21 17:57:15.285] [AutoPasLog] [warning] [AutoTuner.cpp:101] ConfigQueue wipe by predictive-tuning detected! Resetting to previous state: (Size=0) []
[2025-02-21 17:59:51.480] [AutoPasLog] [warning] [AutoTuner.cpp:101] ConfigQueue wipe by slow-config-filter detected! Resetting to previous state: (Size=0) []
[2025-02-21 17:59:51.481] [AutoPasLog] [warning] [AutoTuner.cpp:101] ConfigQueue wipe by predictive-tuning detected! Resetting to previous state: (Size=0) []


Total number of particles at the end of Simulation: 5497
Owned: 5497
Halo : 0
Measurements:
Total accumulated                  : 2613337165404 ns (2613.337s)
  Initialization                   :      85377184 ns (   0.085s) =  0.003%
  Simulate                         : 2613251787238 ns (2613.252s) = 99.997%
    PositionUpdate                 :   21059067865 ns (  21.059s) =  0.806%
    UpdateContainer                :   97807370043 ns (  97.807s) =  3.743%
    Boundaries                     :  251808320851 ns ( 251.808s) =  9.636%
      HaloParticleExchange         :  251752805483 ns ( 251.753s) = 12.489%
      ReflectParticlesAtBoundaries : 1764029319067 ns (1764.029s) = 87.509%
      MigratingParticleExchange    :      55515368 ns (   0.056s) =  0.003%
    ForceUpdateTotal               :  434672866164 ns ( 434.673s) = 16.633%
      Tuning                       :  149809001932 ns ( 149.809s) = 34.465%
      ForceUpdateTuning            :  149809001932 ns ( 149.809s) = 34.465%
      ForceUpdateNonTuning         :  284731828187 ns ( 284.732s) = 65.505%
    VelocityUpdate                 :   38790440164 ns (  38.790s) =  1.484%
    Thermostat                     :     701780943 ns (   0.702s) =  0.027%
    LoadBalancing                  :    4107435725 ns (   4.107s) =  0.157%
One iteration                      :      17421678 ns (   0.017s) =  0.001%
Total wall-clock time              : 2613337165404 ns (2613.337s) =100.000%

Tuning iterations                  : 4370 / 150000 = 2.91333%
MFUPs/sec                          : 1.89694
