#==================================================#
 num nodes:  1
 num tasks:  1
 cpus per task:  36
 nodes used:  node0167
 job cpus used:  144
#==================================================#
cp: -r not specified; omitting directory '../run_0'
cp: -r not specified; omitting directory '../run_2'
cp: -r not specified; omitting directory '../run_4'
# Running single-site MD simulation.

container                        :  [LinkedCells, VerletClusterLists, VerletLists, VerletListsCells, PairwiseVerletLists]
fastParticlesThrow               :  true
verlet-rebuild-frequency         :  10
verlet-skin-radius-per-timestep  :  0.05
verlet-cluster-size              :  4
selector-strategy                :  Fastest-Mean-Value
tuning-strategies                :  [decision-tree-tuning]
tuning-metric                    :  time
tuning-interval                  :  10000
tuning-samples                   :  10
use-LOESS-smoothening            :  false
model-filename                   :  model.pkl
PairwiseInteraction:             
  functor                        :  Lennard-Jones (12-6) AVX intrinsics
  traversal                      :  [lc_c01, lc_c01_combined_SoA, lc_c04, lc_c04_HCP, lc_c04_combined_SoA, lc_c08, lc_c18, lc_sliced, lc_sliced_c02, vl_list_iteration, vlc_c01, vlc_c18, vlc_c08, vlc_sliced, vlc_sliced_c02, vlp_c01, vlp_c18, vlp_sliced, vlp_sliced_c02]
  data-layout                    :  [AoS, SoA]
  newton3                        :  [disabled, enabled]
cutoff                           :  3
box-min                          :  [0, 0, 0]
box-max                          :  [200, 200, 200]
cell-size                        :  [0.5, 1]
deltaT                           :  0.0001
pause-simulation-during-tuning   :  false
sorting-threshold                :  8
iterations                       :  150000
boundary-type                    :  [reflective, reflective, reflective]
Sites:                           
  0:
    epsilon                      :  1
    sigma                        :  1
    nu                           :  0
    mass                         :  1
Objects:                         
  Sphere:
    0:  
      center                     :  [100, 100, 100]
      radius                     :  10
      particle-spacing           :  1.22462
      velocity                   :  [0, 0, 0]
      particle-type-id           :  0
thermostat:
  initialTemperature             :  0.1
  targetTemperature              :  100
  deltaTemperature               :  0.1
  thermostatInterval             :  100
  addBrownianMotion              :  true
use-tuning-logger                :  false
output-suffix                    :  
log-level                        :  info
no-end-config                    :  true
no-progress-bar                  :  true
load-balancer                    :  InvertedPressure
load-balancing-interval          :  100
subdivide-dimension              :  [true, true, true]


Using 36 Threads
MPI is running with 1 ranks.
[2025-02-28 17:27:04.391] [AutoPasLog] [info] [AutoPasImpl.h:70] AutoPas Version: 3.0.0-a3b2acc
[2025-02-28 17:27:04.391] [AutoPasLog] [info] [AutoPasImpl.h:71] Compiled with  : GCC 13.2.0
Number of particles at initialization on rank 0: 5497
Number of particles at initialization globally : 5497


Total number of particles at the end of Simulation: 5497
Owned: 5497
Halo : 0
Measurements:
Total accumulated                  : 2378377953950 ns (2378.378s)
  Initialization                   :     754824123 ns (   0.755s) =  0.032%
  Simulate                         : 2377623128946 ns (2377.623s) = 99.968%
    PositionUpdate                 :   17495643517 ns (  17.496s) =  0.736%
    UpdateContainer                :   93976954767 ns (  93.977s) =  3.953%
    Boundaries                     :  263163163100 ns ( 263.163s) = 11.068%
      HaloParticleExchange         :  263113607537 ns ( 263.114s) = 13.068%
      ReflectParticlesAtBoundaries : 1750278074447 ns (1750.278s) = 86.930%
      MigratingParticleExchange    :      49555563 ns (   0.050s) =  0.002%
    ForceUpdateTotal               :  221545202697 ns ( 221.545s) =  9.318%
      Tuning                       :    2004788600 ns (   2.005s) =  0.905%
      ForceUpdateTuning            :    2004788600 ns (   2.005s) =  0.905%
      ForceUpdateNonTuning         :  219415932115 ns ( 219.416s) = 99.039%
    VelocityUpdate                 :   25983441195 ns (  25.983s) =  1.093%
    Thermostat                     :     559296018 ns (   0.559s) =  0.024%
    LoadBalancing                  :    4268235547 ns (   4.268s) =  0.180%
One iteration                      :      15850820 ns (   0.016s) =  0.001%
Total wall-clock time              : 2378377953950 ns (2378.378s) =100.000%

Tuning iterations                  : 150 / 150000 = 0.1%
MFUPs/sec                          : 3.72181
