#==================================================#
 num nodes:  1
 num tasks:  1
 cpus per task:  36
 nodes used:  node0460
 job cpus used:  144
#==================================================#
cp: -r not specified; omitting directory '../run_0'
cp: -r not specified; omitting directory '../run_1'
cp: -r not specified; omitting directory '../run_2'
cp: -r not specified; omitting directory '../run_3'
cp: -r not specified; omitting directory '../run_4'
# Running single-site MD simulation.

container                        :  [LinkedCells, VerletClusterLists, VerletLists, VerletListsCells, PairwiseVerletLists]
fastParticlesThrow               :  true
verlet-rebuild-frequency         :  10
verlet-skin-radius-per-timestep  :  0.05
verlet-cluster-size              :  4
selector-strategy                :  Fastest-Mean-Value
tuning-strategies                :  []
tuning-metric                    :  time
tuning-interval                  :  10000
tuning-samples                   :  10
use-LOESS-smoothening            :  false
PairwiseInteraction:             
  functor                        :  Lennard-Jones (12-6) AVX intrinsics
  traversal                      :  [lc_c01, lc_c01_combined_SoA, lc_c04, lc_c04_HCP, lc_c04_combined_SoA, lc_c08, lc_c18, lc_sliced, lc_sliced_c02, vl_list_iteration, vlc_c01, vlc_c18, vlc_c08, vlc_sliced, vlc_sliced_c02, vlp_c01, vlp_c18, vlp_sliced, vlp_sliced_c02]
  data-layout                    :  [AoS, SoA]
  newton3                        :  [disabled, enabled]
cutoff                           :  3
box-min                          :  [0, 0, 0]
box-max                          :  [200, 200, 200]
cell-size                        :  [0.5, 1]
deltaT                           :  0.0001
pause-simulation-during-tuning   :  false
sorting-threshold                :  8
iterations                       :  150000
boundary-type                    :  [reflective, reflective, reflective]
Sites:                           
  0:
    epsilon                      :  1
    sigma                        :  1
    nu                           :  0
    mass                         :  1
Objects:                         
  Sphere:
    0:  
      center                     :  [100, 100, 100]
      radius                     :  10
      particle-spacing           :  1.22462
      velocity                   :  [0, 0, 0]
      particle-type-id           :  0
thermostat:
  initialTemperature             :  0.1
  targetTemperature              :  100
  deltaTemperature               :  0.1
  thermostatInterval             :  100
  addBrownianMotion              :  true
use-tuning-logger                :  false
output-suffix                    :  
log-level                        :  info
no-end-config                    :  true
no-progress-bar                  :  true
load-balancer                    :  InvertedPressure
load-balancing-interval          :  100
subdivide-dimension              :  [true, true, true]


Using 36 Threads
MPI is running with 1 ranks.
[2025-02-21 17:02:19.701] [AutoPasLog] [info] [AutoPasImpl.h:70] AutoPas Version: 3.0.0-a3b2acc
[2025-02-21 17:02:19.701] [AutoPasLog] [info] [AutoPasImpl.h:71] Compiled with  : GCC 13.2.0
Number of particles at initialization on rank 0: 5497
Number of particles at initialization globally : 5497


Total number of particles at the end of Simulation: 5497
Owned: 5497
Halo : 0
Measurements:
Total accumulated                  : 2997757915642 ns (2997.758s)
  Initialization                   :      79751095 ns (   0.080s) =  0.003%
  Simulate                         : 2997678163634 ns (2997.678s) = 99.997%
    PositionUpdate                 :   25746034884 ns (  25.746s) =  0.859%
    UpdateContainer                :  107585575127 ns ( 107.586s) =  3.589%
    Boundaries                     :  293580804388 ns ( 293.581s) =  9.794%
      HaloParticleExchange         :  293520645279 ns ( 293.521s) = 13.041%
      ReflectParticlesAtBoundaries : 1957204001677 ns (1957.204s) = 86.957%
      MigratingParticleExchange    :      60159109 ns (   0.060s) =  0.003%
    ForceUpdateTotal               :  570761751367 ns ( 570.762s) = 19.040%
      Tuning                       :  379400344570 ns ( 379.400s) = 66.473%
      ForceUpdateTuning            :  379400344570 ns ( 379.400s) = 66.473%
      ForceUpdateNonTuning         :  191221197046 ns ( 191.221s) = 33.503%
    VelocityUpdate                 :   37313708714 ns (  37.314s) =  1.245%
    Thermostat                     :     832393302 ns (   0.832s) =  0.028%
    LoadBalancing                  :    4344010165 ns (   4.344s) =  0.145%
One iteration                      :      19984521 ns (   0.020s) =  0.001%
Total wall-clock time              : 2997757915642 ns (2997.758s) =100.000%

Tuning iterations                  : 17400 / 150000 = 11.6%
MFUPs/sec                          : 1.44465
