#==================================================#
 num nodes:  1
 num tasks:  1
 cpus per task:  36
 nodes used:  node0102
 job cpus used:  144
#==================================================#
cp: -r not specified; omitting directory '../run_0'
cp: -r not specified; omitting directory '../run_1'
cp: -r not specified; omitting directory '../run_2'
cp: -r not specified; omitting directory '../run_3'
cp: -r not specified; omitting directory '../run_4'
# Running single-site MD simulation.

container                        :  [LinkedCells, VerletClusterLists, VerletLists, VerletListsCells, PairwiseVerletLists]
fastParticlesThrow               :  true
verlet-rebuild-frequency         :  10
verlet-skin-radius-per-timestep  :  0.05
verlet-cluster-size              :  4
selector-strategy                :  Fastest-Absolute-Value
tuning-strategies                :  []
tuning-metric                    :  time
tuning-interval                  :  10000
tuning-samples                   :  10
use-LOESS-smoothening            :  false
PairwiseInteraction:             
  functor                        :  Lennard-Jones (12-6) AVX intrinsics
  traversal                      :  [lc_c04_HCP]
  data-layout                    :  [SoA]
  newton3                        :  [disabled]
cutoff                           :  3
box-min                          :  [0, 0, 0]
box-max                          :  [200, 200, 200]
cell-size                        :  [1]
deltaT                           :  0.0001
pause-simulation-during-tuning   :  false
sorting-threshold                :  8
iterations                       :  150000
boundary-type                    :  [reflective, reflective, reflective]
Sites:                           
  0:
    epsilon                      :  1
    sigma                        :  1
    nu                           :  0
    mass                         :  1
Objects:                         
  Sphere:
    0:  
      center                     :  [100, 100, 100]
      radius                     :  10
      particle-spacing           :  1.22462
      velocity                   :  [0, 0, 0]
      particle-type-id           :  0
thermostat:
  initialTemperature             :  0.1
  targetTemperature              :  100
  deltaTemperature               :  0.1
  thermostatInterval             :  100
  addBrownianMotion              :  true
use-tuning-logger                :  false
output-suffix                    :  
log-level                        :  info
no-end-config                    :  true
no-progress-bar                  :  true
load-balancer                    :  InvertedPressure
load-balancing-interval          :  100
subdivide-dimension              :  [true, true, true]


Using 36 Threads
MPI is running with 1 ranks.
[2025-02-21 18:21:09.799] [AutoPasLog] [info] [AutoPasImpl.h:70] AutoPas Version: 3.0.0-a3b2acc
[2025-02-21 18:21:09.799] [AutoPasLog] [info] [AutoPasImpl.h:71] Compiled with  : GCC 13.2.0
Number of particles at initialization on rank 0: 5497
Number of particles at initialization globally : 5497


Total number of particles at the end of Simulation: 5497
Owned: 5497
Halo : 0
Measurements:
Total accumulated                  : 3087581672293 ns (3087.582s)
  Initialization                   :      90141366 ns (   0.090s) =  0.003%
  Simulate                         : 3087491530005 ns (3087.492s) = 99.997%
    PositionUpdate                 :   20211156192 ns (  20.211s) =  0.655%
    UpdateContainer                :   95286813072 ns (  95.287s) =  3.086%
    Boundaries                     :  256883115965 ns ( 256.883s) =  8.320%
      HaloParticleExchange         :  256818506830 ns ( 256.819s) = 12.783%
      ReflectParticlesAtBoundaries : 1752142638405 ns (1752.143s) = 87.214%
      MigratingParticleExchange    :      64609135 ns (   0.065s) =  0.003%
    ForceUpdateTotal               :  917524263739 ns ( 917.524s) = 29.717%
      ForceUpdateNonTuning         :  917371269810 ns ( 917.371s) = 99.983%
    VelocityUpdate                 :   40256323557 ns (  40.256s) =  1.304%
    Thermostat                     :     594467437 ns (   0.594s) =  0.019%
    LoadBalancing                  :    4251039872 ns (   4.251s) =  0.138%
One iteration                      :      20583276 ns (   0.021s) =  0.001%
Total wall-clock time              : 3087581672293 ns (3087.582s) =100.000%

Tuning iterations                  : 0 / 150000 = 0%
MFUPs/sec                          : 0.898668
