#==================================================#
 num nodes:  2
 num tasks:  6
 cpus per task:  24
 nodes used:  node[0343,0349]
 job cpus used:  144(x2)
#==================================================#
cp: -r not specified; omitting directory '../run_1'
WARNING: Simulation box increased due to particles being too close to the boundaries.
WARNING: Simulation box increased due to particles being too close to the boundaries.
WARNING: Simulation box increased due to particles being too close to the boundaries.
WARNING: Simulation box increased due to particles being too close to the boundaries.
WARNING: Simulation box increased due to particles being too close to the boundaries.
WARNING: Simulation box increased due to particles being too close to the boundaries.
# Running single-site MD simulation.

container                        :  [LinkedCells, VarVerletListsAsBuild, VerletLists, VerletListsCells, PairwiseVerletLists]
fastParticlesThrow               :  true
verlet-rebuild-frequency         :  10
verlet-skin-radius-per-timestep  :  0.06
selector-strategy                :  Fastest-Mean-Value
tuning-strategies                :  []
tuning-metric                    :  time
tuning-interval                  :  2000
tuning-samples                   :  10
use-LOESS-smoothening            :  false
PairwiseInteraction:             
  functor                        :  Lennard-Jones (12-6) AVX intrinsics
  traversal                      :  [lc_c04_HCP]
  data-layout                    :  [SoA]
  newton3                        :  [enabled]
cutoff                           :  3
box-min                          :  [-0.5, 0, -0.5]
box-max                          :  [120.5, 480, 120.5]
cell-size                        :  [1]
deltaT                           :  0.00182367
pause-simulation-during-tuning   :  false
sorting-threshold                :  8
iterations                       :  100000
boundary-type                    :  [periodic, periodic, periodic]
Sites:                           
  0:
    epsilon                      :  1
    sigma                        :  1
    nu                           :  0
    mass                         :  1
Objects:                         
  CubeUniform:
    0:  
      numberOfParticles          :  100
      box-length                 :  [120, 230, 120]
      bottomLeftCorner           :  [0, 0, 0]
      velocity                   :  [0, 0, 0]
      particle-type-id           :  0
  CubeUniform:
    1:  
      numberOfParticles          :  100
      box-length                 :  [120, 230, 120]
      bottomLeftCorner           :  [0, 250, 0]
      velocity                   :  [0, 0, 0]
      particle-type-id           :  0
  CubeClosestPacked:
    0:  
      particle-spacing           :  1
      box-length                 :  [120, 18, 120]
      bottomLeftCorner           :  [0, 231, 0]
      velocity                   :  [0, 0, 0]
      particle-type-id           :  0
use-tuning-logger                :  false
output-suffix                    :  
log-level                        :  info
no-end-config                    :  true
no-progress-bar                  :  true
load-balancer                    :  None
load-balancing-interval          :  1000
subdivide-dimension              :  [false, true, false]


Using 24 Threads
MPI is running with 6 ranks.
[2025-02-22 05:31:04.555] [AutoPasLog] [info] [AutoPasImpl.h:70] AutoPas Version: 3.0.0-a3b2acc
[2025-02-22 05:31:04.555] [AutoPasLog] [info] [AutoPasImpl.h:71] Compiled with  : GCC 13.2.0
Number of particles at initialization on rank 1: 44
Number of particles at initialization on rank 2: 194062
Number of particles at initialization on rank 3: 176428
Number of particles at initialization on rank 4: 46
Number of particles at initialization on rank 0: 34
Number of particles at initialization globally : 370640
Number of particles at initialization on rank 5: 26
